 ⚠ Warning: Next.js inferred your workspace root, but it may not be correct.
 We detected multiple lockfiles and selected the directory of /home/yudha/package-lock.json as the root directory.
 To silence this warning, set `turbopack.root` in your Next.js config, or consider removing one of the lockfiles if it's not needed.
   See https://nextjs.org/docs/app/api-reference/config/next-config-js/turbopack#root-directory for more information.
 Detected additional lockfiles: 
   * /home/yudha/Downloads/TK-Aisyiyah-Iringmulyo-Iringmulyo-Metro-Timur/pnpm-lock.yaml

   ▲ Next.js 16.0.0 (Turbopack)
   - Local:        http://localhost:3000
   - Network:      http://192.168.0.103:3000

 ✓ Starting...
 ⚠ The "middleware" file convention is deprecated. Please use "proxy" instead. Learn more: https://nextjs.org/docs/messages/middleware-to-proxy
 ✓ Ready in 1772ms
 ○ Compiling /program-pendidikan ...
 ⚠ Unsupported metadata viewport is configured in metadata export in /program-pendidikan. Please move it to viewport export instead.
Read more: https://nextjs.org/docs/app/api-reference/functions/generate-viewport
 GET /program-pendidikan 200 in 6.1s (compile: 5.2s, render: 895ms)
 ⚠ Unsupported metadata viewport is configured in metadata export in /program-pendidikan. Please move it to viewport export instead.
Read more: https://nextjs.org/docs/app/api-reference/functions/generate-viewport
 GET /program-pendidikan 200 in 439ms (compile: 11ms, render: 428ms)
 ⚠ Unsupported metadata viewport is configured in metadata export in /program-pendidikan. Please move it to viewport export instead.
Read more: https://nextjs.org/docs/app/api-reference/functions/generate-viewport
 GET /program-pendidikan 200 in 337ms (compile: 100ms, render: 237ms)
 ✓ Compiled in 321ms
 ⚠ Unsupported metadata viewport is configured in metadata export in /program-pendidikan. Please move it to viewport export instead.
Read more: https://nextjs.org/docs/app/api-reference/functions/generate-viewport
 GET /program-pendidikan 200 in 366ms (compile: 8ms, render: 358ms)
 ✓ Compiled in 311ms
[?25h
